#
# A fatal error has been detected by the Java Runtime Environment:
#
#  Internal Error (generateOopMap.cpp:2165), pid=13408, tid=7408
#  fatal error: Illegal class file encountered. Try running with -Xverify:all in method findMedianSortedArrays
#
# JRE version: OpenJDK Runtime Environment (22.0.2+9) (build 22.0.2+9-70)
# Java VM: OpenJDK 64-Bit Server VM (22.0.2+9-70, mixed mode, sharing, tiered, compressed oops, compressed class ptrs, g1 gc, windows-amd64)
# No core dump will be written. Minidumps are not enabled by default on client versions of Windows
#
# If you would like to submit a bug report, please visit:
#   https://bugreport.java.com/bugreport/crash.jsp
#

---------------  S U M M A R Y ------------

Command Line: -XX:+ShowCodeDetailsInExceptionMessages -agentlib:jdwp=transport=dt_socket,suspend=y,address=localhost:59238 -javaagent:C:\Users\davek\eclipse\eclipse-jee-20249-09-R\configuration\org.eclipse.osgi\446\0\.cp\lib\javaagent-shaded.jar -Dfile.encoding=UTF-8 -Dstdout.encoding=UTF-8 -Dstderr.encoding=UTF-8 problems.MedianOfTwoSortedArrays

Host: Intel(R) Core(TM) i5-9400F CPU @ 2.90GHz, 6 cores, 31G,  Windows 10 , 64 bit Build 19041 (10.0.19041.4957)
Time: Sun Oct 27 08:25:31 2024 GMT Standard Time elapsed time: 1822.783271 seconds (0d 0h 30m 22s)

---------------  T H R E A D  ---------------

Current thread (0x00000193e23083d0):  VMThread "VM Thread"          [id=7408, stack(0x0000009009c00000,0x0000009009d00000) (1024K)]

Stack: [0x0000009009c00000,0x0000009009d00000]
Native frames: (J=compiled Java code, j=interpreted, Vv=VM code, C=native code)
V  [jvm.dll+0x6e26e9]  (no source info available)
V  [jvm.dll+0x875753]  (no source info available)
V  [jvm.dll+0x877b7e]  (no source info available)
V  [jvm.dll+0x27fa71]  (no source info available)
V  [jvm.dll+0x39394c]  (no source info available)
V  [jvm.dll+0x391084]  (no source info available)
V  [jvm.dll+0x39227e]  (no source info available)
V  [jvm.dll+0x38f8d0]  (no source info available)
V  [jvm.dll+0x38eaca]  (no source info available)
V  [jvm.dll+0x6cffe2]  (no source info available)
V  [jvm.dll+0x6cfdd3]  (no source info available)
V  [jvm.dll+0x693ec8]  (no source info available)
V  [jvm.dll+0x86c00a]  (no source info available)
V  [jvm.dll+0x5ad047]  (no source info available)
V  [jvm.dll+0x87e0f0]  (no source info available)
V  [jvm.dll+0x87f477]  (no source info available)
V  [jvm.dll+0x87f9f0]  (no source info available)
V  [jvm.dll+0x87fc93]  (no source info available)
V  [jvm.dll+0x81dc0b]  (no source info available)
V  [jvm.dll+0x6e0d85]  (no source info available)
C  [ucrtbase.dll+0x21bb2]  (no source info available)
C  [KERNEL32.DLL+0x17374]  (no source info available)
C  [ntdll.dll+0x4cc91]  (no source info available)

VM_Operation (0x000000900a6ff410): get/set locals, mode: safepoint, requested by thread 0x00000193e2896520


---------------  P R O C E S S  ---------------

Threads class SMR info:
_java_thread_list=0x00000193e2953570, length=14, elements={
0x00000193be8d4420, 0x00000193e23228b0, 0x00000193e23237d0, 0x00000193e232d0a0,
0x00000193e2650080, 0x00000193e2650ae0, 0x00000193e2651540, 0x00000193e2667aa0,
0x00000193e2688560, 0x00000193e22f1d40, 0x00000193e2896520, 0x00000193e28e27c0,
0x00000193e28e2e50, 0x00000193e29aec80
}

Java Threads: ( => current thread )
  0x00000193be8d4420 JavaThread "main"                              [_thread_blocked, id=7896, stack(0x0000009009500000,0x0000009009600000) (1024K)]
  0x00000193e23228b0 JavaThread "Reference Handler"          daemon [_thread_blocked, id=13028, stack(0x0000009009d00000,0x0000009009e00000) (1024K)]
  0x00000193e23237d0 JavaThread "Finalizer"                  daemon [_thread_blocked, id=14288, stack(0x0000009009e00000,0x0000009009f00000) (1024K)]
  0x00000193e232d0a0 JavaThread "Signal Dispatcher"          daemon [_thread_blocked, id=4024, stack(0x0000009009f00000,0x000000900a000000) (1024K)]
  0x00000193e2650080 JavaThread "Attach Listener"            daemon [_thread_blocked, id=10636, stack(0x000000900a000000,0x000000900a100000) (1024K)]
  0x00000193e2650ae0 JavaThread "Service Thread"             daemon [_thread_blocked, id=11576, stack(0x000000900a100000,0x000000900a200000) (1024K)]
  0x00000193e2651540 JavaThread "Monitor Deflation Thread"   daemon [_thread_blocked, id=12928, stack(0x000000900a200000,0x000000900a300000) (1024K)]
  0x00000193e2667aa0 JavaThread "C2 CompilerThread0"         daemon [_thread_blocked, id=17996, stack(0x000000900a300000,0x000000900a400000) (1024K)]
  0x00000193e2688560 JavaThread "C1 CompilerThread0"         daemon [_thread_blocked, id=7192, stack(0x000000900a400000,0x000000900a500000) (1024K)]
  0x00000193e22f1d40 JavaThread "Common-Cleaner"             daemon [_thread_blocked, id=19632, stack(0x000000900a500000,0x000000900a600000) (1024K)]
  0x00000193e2896520 JavaThread "JDWP Transport Listener: dt_socket" daemon [_thread_blocked, id=16792, stack(0x000000900a600000,0x000000900a700000) (1024K)] _threads_hazard_ptr=0x00000193e2953570
  0x00000193e28e27c0 JavaThread "JDWP Event Helper Thread"   daemon [_thread_blocked, id=19192, stack(0x000000900a700000,0x000000900a800000) (1024K)]
  0x00000193e28e2e50 JavaThread "JDWP Command Reader"        daemon [_thread_in_native, id=19948, stack(0x000000900a800000,0x000000900a900000) (1024K)]
  0x00000193e29aec80 JavaThread "Notification Thread"        daemon [_thread_blocked, id=15144, stack(0x000000900a900000,0x000000900aa00000) (1024K)]
Total: 14

Other Threads:
=>0x00000193e23083d0 VMThread "VM Thread"                           [id=7408, stack(0x0000009009c00000,0x0000009009d00000) (1024K)]
  0x00000193e22f1280 WatcherThread "VM Periodic Task Thread"        [id=2536, stack(0x0000009009b00000,0x0000009009c00000) (1024K)]
  0x00000193be97b020 WorkerThread "GC Thread#0"                     [id=4756, stack(0x0000009009600000,0x0000009009700000) (1024K)]
  0x00000193be98ceb0 ConcurrentGCThread "G1 Main Marker"            [id=4776, stack(0x0000009009700000,0x0000009009800000) (1024K)]
  0x00000193be98e220 WorkerThread "G1 Conc#0"                       [id=4644, stack(0x0000009009800000,0x0000009009900000) (1024K)]
  0x00000193e21b1840 ConcurrentGCThread "G1 Refine#0"               [id=15336, stack(0x0000009009900000,0x0000009009a00000) (1024K)]
  0x00000193e21b22d0 ConcurrentGCThread "G1 Service"                [id=14576, stack(0x0000009009a00000,0x0000009009b00000) (1024K)]
Total: 7

Threads with active compile tasks:
Total: 0

VM state: at safepoint (normal execution)

VM Mutex/Monitor currently owned by a thread:  ([mutex/lock_event])
[0x00007fff9422cb80] Threads_lock - owner thread: 0x00000193e23083d0

Heap address: 0x0000000601000000, size: 8176 MB, Compressed Oops mode: Zero based, Oop shift amount: 3

CDS archive(s) mapped at: [0x00000193e3000000-0x00000193e3c60000-0x00000193e3c60000), size 12976128, SharedBaseAddress: 0x00000193e3000000, ArchiveRelocationMode: 1.
Compressed class space mapped at: 0x00000193e4000000-0x0000019424000000, reserved size: 1073741824
Narrow klass base: 0x00000193e3000000, Narrow klass shift: 0, Narrow klass range: 0x41000000

GC Precious Log:
 CardTable entry size: 512
 Card Set container configuration: InlinePtr #cards 4 size 8 Array Of Cards #cards 32 size 80 Howl #buckets 8 coarsen threshold 7372 Howl Bitmap #cards 1024 size 144 coarsen threshold 921 Card regions per heap region 1 cards per card region 8192
 CPUs: 6 total, 6 available
 Memory: 32697M
 Large Page Support: Disabled
 NUMA Support: Disabled
 Compressed Oops: Enabled (Zero based)
 Heap Region Size: 4M
 Heap Min Capacity: 8M
 Heap Initial Capacity: 512M
 Heap Max Capacity: 8176M
 Pre-touch: Disabled
 Parallel Workers: 6
 Concurrent Workers: 2
 Concurrent Refinement Workers: 6
 Periodic GC: Disabled

Heap:
 garbage-first heap   total reserved 8372224K, committed 524288K, used 4096K [0x0000000601000000, 0x0000000800000000)
  region size 4096K, 2 young (8192K), 0 survivors (0K)
 Metaspace       used 2619K, committed 2752K, reserved 1114112K
  class space    used 244K, committed 320K, reserved 1048576K

Heap Regions: E=young(eden), S=young(survivor), O=old, HS=humongous(starts), HC=humongous(continues), CS=collection set, F=free, TAMS=top-at-mark-start, PB=parsable bottom
|   0|0x0000000601000000, 0x0000000601000000, 0x0000000601400000|  0%| F|  |TAMS 0x0000000601000000| PB 0x0000000601000000| Untracked |  0
|   1|0x0000000601400000, 0x0000000601400000, 0x0000000601800000|  0%| F|  |TAMS 0x0000000601400000| PB 0x0000000601400000| Untracked |  0
|   2|0x0000000601800000, 0x0000000601800000, 0x0000000601c00000|  0%| F|  |TAMS 0x0000000601800000| PB 0x0000000601800000| Untracked |  0
|   3|0x0000000601c00000, 0x0000000601c00000, 0x0000000602000000|  0%| F|  |TAMS 0x0000000601c00000| PB 0x0000000601c00000| Untracked |  0
|   4|0x0000000602000000, 0x0000000602000000, 0x0000000602400000|  0%| F|  |TAMS 0x0000000602000000| PB 0x0000000602000000| Untracked |  0
|   5|0x0000000602400000, 0x0000000602400000, 0x0000000602800000|  0%| F|  |TAMS 0x0000000602400000| PB 0x0000000602400000| Untracked |  0
|   6|0x0000000602800000, 0x0000000602800000, 0x0000000602c00000|  0%| F|  |TAMS 0x0000000602800000| PB 0x0000000602800000| Untracked |  0
|   7|0x0000000602c00000, 0x0000000602c00000, 0x0000000603000000|  0%| F|  |TAMS 0x0000000602c00000| PB 0x0000000602c00000| Untracked |  0
|   8|0x0000000603000000, 0x0000000603000000, 0x0000000603400000|  0%| F|  |TAMS 0x0000000603000000| PB 0x0000000603000000| Untracked |  0
|   9|0x0000000603400000, 0x0000000603400000, 0x0000000603800000|  0%| F|  |TAMS 0x0000000603400000| PB 0x0000000603400000| Untracked |  0
|  10|0x0000000603800000, 0x0000000603800000, 0x0000000603c00000|  0%| F|  |TAMS 0x0000000603800000| PB 0x0000000603800000| Untracked |  0
|  11|0x0000000603c00000, 0x0000000603c00000, 0x0000000604000000|  0%| F|  |TAMS 0x0000000603c00000| PB 0x0000000603c00000| Untracked |  0
|  12|0x0000000604000000, 0x0000000604000000, 0x0000000604400000|  0%| F|  |TAMS 0x0000000604000000| PB 0x0000000604000000| Untracked |  0
|  13|0x0000000604400000, 0x0000000604400000, 0x0000000604800000|  0%| F|  |TAMS 0x0000000604400000| PB 0x0000000604400000| Untracked |  0
|  14|0x0000000604800000, 0x0000000604800000, 0x0000000604c00000|  0%| F|  |TAMS 0x0000000604800000| PB 0x0000000604800000| Untracked |  0
|  15|0x0000000604c00000, 0x0000000604c00000, 0x0000000605000000|  0%| F|  |TAMS 0x0000000604c00000| PB 0x0000000604c00000| Untracked |  0
|  16|0x0000000605000000, 0x0000000605000000, 0x0000000605400000|  0%| F|  |TAMS 0x0000000605000000| PB 0x0000000605000000| Untracked |  0
|  17|0x0000000605400000, 0x0000000605400000, 0x0000000605800000|  0%| F|  |TAMS 0x0000000605400000| PB 0x0000000605400000| Untracked |  0
|  18|0x0000000605800000, 0x0000000605800000, 0x0000000605c00000|  0%| F|  |TAMS 0x0000000605800000| PB 0x0000000605800000| Untracked |  0
|  19|0x0000000605c00000, 0x0000000605c00000, 0x0000000606000000|  0%| F|  |TAMS 0x0000000605c00000| PB 0x0000000605c00000| Untracked |  0
|  20|0x0000000606000000, 0x0000000606000000, 0x0000000606400000|  0%| F|  |TAMS 0x0000000606000000| PB 0x0000000606000000| Untracked |  0
|  21|0x0000000606400000, 0x0000000606400000, 0x0000000606800000|  0%| F|  |TAMS 0x0000000606400000| PB 0x0000000606400000| Untracked |  0
|  22|0x0000000606800000, 0x0000000606800000, 0x0000000606c00000|  0%| F|  |TAMS 0x0000000606800000| PB 0x0000000606800000| Untracked |  0
|  23|0x0000000606c00000, 0x0000000606c00000, 0x0000000607000000|  0%| F|  |TAMS 0x0000000606c00000| PB 0x0000000606c00000| Untracked |  0
|  24|0x0000000607000000, 0x0000000607000000, 0x0000000607400000|  0%| F|  |TAMS 0x0000000607000000| PB 0x0000000607000000| Untracked |  0
|  25|0x0000000607400000, 0x0000000607400000, 0x0000000607800000|  0%| F|  |TAMS 0x0000000607400000| PB 0x0000000607400000| Untracked |  0
|  26|0x0000000607800000, 0x0000000607800000, 0x0000000607c00000|  0%| F|  |TAMS 0x0000000607800000| PB 0x0000000607800000| Untracked |  0
|  27|0x0000000607c00000, 0x0000000607c00000, 0x0000000608000000|  0%| F|  |TAMS 0x0000000607c00000| PB 0x0000000607c00000| Untracked |  0
|  28|0x0000000608000000, 0x0000000608000000, 0x0000000608400000|  0%| F|  |TAMS 0x0000000608000000| PB 0x0000000608000000| Untracked |  0
|  29|0x0000000608400000, 0x0000000608400000, 0x0000000608800000|  0%| F|  |TAMS 0x0000000608400000| PB 0x0000000608400000| Untracked |  0
|  30|0x0000000608800000, 0x0000000608800000, 0x0000000608c00000|  0%| F|  |TAMS 0x0000000608800000| PB 0x0000000608800000| Untracked |  0
|  31|0x0000000608c00000, 0x0000000608c00000, 0x0000000609000000|  0%| F|  |TAMS 0x0000000608c00000| PB 0x0000000608c00000| Untracked |  0
|  32|0x0000000609000000, 0x0000000609000000, 0x0000000609400000|  0%| F|  |TAMS 0x0000000609000000| PB 0x0000000609000000| Untracked |  0
|  33|0x0000000609400000, 0x0000000609400000, 0x0000000609800000|  0%| F|  |TAMS 0x0000000609400000| PB 0x0000000609400000| Untracked |  0
|  34|0x0000000609800000, 0x0000000609800000, 0x0000000609c00000|  0%| F|  |TAMS 0x0000000609800000| PB 0x0000000609800000| Untracked |  0
|  35|0x0000000609c00000, 0x0000000609c00000, 0x000000060a000000|  0%| F|  |TAMS 0x0000000609c00000| PB 0x0000000609c00000| Untracked |  0
|  36|0x000000060a000000, 0x000000060a000000, 0x000000060a400000|  0%| F|  |TAMS 0x000000060a000000| PB 0x000000060a000000| Untracked |  0
|  37|0x000000060a400000, 0x000000060a400000, 0x000000060a800000|  0%| F|  |TAMS 0x000000060a400000| PB 0x000000060a400000| Untracked |  0
|  38|0x000000060a800000, 0x000000060a800000, 0x000000060ac00000|  0%| F|  |TAMS 0x000000060a800000| PB 0x000000060a800000| Untracked |  0
|  39|0x000000060ac00000, 0x000000060ac00000, 0x000000060b000000|  0%| F|  |TAMS 0x000000060ac00000| PB 0x000000060ac00000| Untracked |  0
|  40|0x000000060b000000, 0x000000060b000000, 0x000000060b400000|  0%| F|  |TAMS 0x000000060b000000| PB 0x000000060b000000| Untracked |  0
|  41|0x000000060b400000, 0x000000060b400000, 0x000000060b800000|  0%| F|  |TAMS 0x000000060b400000| PB 0x000000060b400000| Untracked |  0
|  42|0x000000060b800000, 0x000000060b800000, 0x000000060bc00000|  0%| F|  |TAMS 0x000000060b800000| PB 0x000000060b800000| Untracked |  0
|  43|0x000000060bc00000, 0x000000060bc00000, 0x000000060c000000|  0%| F|  |TAMS 0x000000060bc00000| PB 0x000000060bc00000| Untracked |  0
|  44|0x000000060c000000, 0x000000060c000000, 0x000000060c400000|  0%| F|  |TAMS 0x000000060c000000| PB 0x000000060c000000| Untracked |  0
|  45|0x000000060c400000, 0x000000060c400000, 0x000000060c800000|  0%| F|  |TAMS 0x000000060c400000| PB 0x000000060c400000| Untracked |  0
|  46|0x000000060c800000, 0x000000060c800000, 0x000000060cc00000|  0%| F|  |TAMS 0x000000060c800000| PB 0x000000060c800000| Untracked |  0
|  47|0x000000060cc00000, 0x000000060cc00000, 0x000000060d000000|  0%| F|  |TAMS 0x000000060cc00000| PB 0x000000060cc00000| Untracked |  0
|  48|0x000000060d000000, 0x000000060d000000, 0x000000060d400000|  0%| F|  |TAMS 0x000000060d000000| PB 0x000000060d000000| Untracked |  0
|  49|0x000000060d400000, 0x000000060d400000, 0x000000060d800000|  0%| F|  |TAMS 0x000000060d400000| PB 0x000000060d400000| Untracked |  0
|  50|0x000000060d800000, 0x000000060d800000, 0x000000060dc00000|  0%| F|  |TAMS 0x000000060d800000| PB 0x000000060d800000| Untracked |  0
|  51|0x000000060dc00000, 0x000000060dc00000, 0x000000060e000000|  0%| F|  |TAMS 0x000000060dc00000| PB 0x000000060dc00000| Untracked |  0
|  52|0x000000060e000000, 0x000000060e000000, 0x000000060e400000|  0%| F|  |TAMS 0x000000060e000000| PB 0x000000060e000000| Untracked |  0
|  53|0x000000060e400000, 0x000000060e400000, 0x000000060e800000|  0%| F|  |TAMS 0x000000060e400000| PB 0x000000060e400000| Untracked |  0
|  54|0x000000060e800000, 0x000000060e800000, 0x000000060ec00000|  0%| F|  |TAMS 0x000000060e800000| PB 0x000000060e800000| Untracked |  0
|  55|0x000000060ec00000, 0x000000060ec00000, 0x000000060f000000|  0%| F|  |TAMS 0x000000060ec00000| PB 0x000000060ec00000| Untracked |  0
|  56|0x000000060f000000, 0x000000060f000000, 0x000000060f400000|  0%| F|  |TAMS 0x000000060f000000| PB 0x000000060f000000| Untracked |  0
|  57|0x000000060f400000, 0x000000060f400000, 0x000000060f800000|  0%| F|  |TAMS 0x000000060f400000| PB 0x000000060f400000| Untracked |  0
|  58|0x000000060f800000, 0x000000060f800000, 0x000000060fc00000|  0%| F|  |TAMS 0x000000060f800000| PB 0x000000060f800000| Untracked |  0
|  59|0x000000060fc00000, 0x000000060fc00000, 0x0000000610000000|  0%| F|  |TAMS 0x000000060fc00000| PB 0x000000060fc00000| Untracked |  0
|  60|0x0000000610000000, 0x0000000610000000, 0x0000000610400000|  0%| F|  |TAMS 0x0000000610000000| PB 0x0000000610000000| Untracked |  0
|  61|0x0000000610400000, 0x0000000610400000, 0x0000000610800000|  0%| F|  |TAMS 0x0000000610400000| PB 0x0000000610400000| Untracked |  0
|  62|0x0000000610800000, 0x0000000610800000, 0x0000000610c00000|  0%| F|  |TAMS 0x0000000610800000| PB 0x0000000610800000| Untracked |  0
|  63|0x0000000610c00000, 0x0000000610c00000, 0x0000000611000000|  0%| F|  |TAMS 0x0000000610c00000| PB 0x0000000610c00000| Untracked |  0
|  64|0x0000000611000000, 0x0000000611000000, 0x0000000611400000|  0%| F|  |TAMS 0x0000000611000000| PB 0x0000000611000000| Untracked |  0
|  65|0x0000000611400000, 0x0000000611400000, 0x0000000611800000|  0%| F|  |TAMS 0x0000000611400000| PB 0x0000000611400000| Untracked |  0
|  66|0x0000000611800000, 0x0000000611800000, 0x0000000611c00000|  0%| F|  |TAMS 0x0000000611800000| PB 0x0000000611800000| Untracked |  0
|  67|0x0000000611c00000, 0x0000000611c00000, 0x0000000612000000|  0%| F|  |TAMS 0x0000000611c00000| PB 0x0000000611c00000| Untracked |  0
|  68|0x0000000612000000, 0x0000000612000000, 0x0000000612400000|  0%| F|  |TAMS 0x0000000612000000| PB 0x0000000612000000| Untracked |  0
|  69|0x0000000612400000, 0x0000000612400000, 0x0000000612800000|  0%| F|  |TAMS 0x0000000612400000| PB 0x0000000612400000| Untracked |  0
|  70|0x0000000612800000, 0x0000000612800000, 0x0000000612c00000|  0%| F|  |TAMS 0x0000000612800000| PB 0x0000000612800000| Untracked |  0
|  71|0x0000000612c00000, 0x0000000612c00000, 0x0000000613000000|  0%| F|  |TAMS 0x0000000612c00000| PB 0x0000000612c00000| Untracked |  0
|  72|0x0000000613000000, 0x0000000613000000, 0x0000000613400000|  0%| F|  |TAMS 0x0000000613000000| PB 0x0000000613000000| Untracked |  0
|  73|0x0000000613400000, 0x0000000613400000, 0x0000000613800000|  0%| F|  |TAMS 0x0000000613400000| PB 0x0000000613400000| Untracked |  0
|  74|0x0000000613800000, 0x0000000613800000, 0x0000000613c00000|  0%| F|  |TAMS 0x0000000613800000| PB 0x0000000613800000| Untracked |  0
|  75|0x0000000613c00000, 0x0000000613c00000, 0x0000000614000000|  0%| F|  |TAMS 0x0000000613c00000| PB 0x0000000613c00000| Untracked |  0
|  76|0x0000000614000000, 0x0000000614000000, 0x0000000614400000|  0%| F|  |TAMS 0x0000000614000000| PB 0x0000000614000000| Untracked |  0
|  77|0x0000000614400000, 0x0000000614400000, 0x0000000614800000|  0%| F|  |TAMS 0x0000000614400000| PB 0x0000000614400000| Untracked |  0
|  78|0x0000000614800000, 0x0000000614800000, 0x0000000614c00000|  0%| F|  |TAMS 0x0000000614800000| PB 0x0000000614800000| Untracked |  0
|  79|0x0000000614c00000, 0x0000000614c00000, 0x0000000615000000|  0%| F|  |TAMS 0x0000000614c00000| PB 0x0000000614c00000| Untracked |  0
|  80|0x0000000615000000, 0x0000000615000000, 0x0000000615400000|  0%| F|  |TAMS 0x0000000615000000| PB 0x0000000615000000| Untracked |  0
|  81|0x0000000615400000, 0x0000000615400000, 0x0000000615800000|  0%| F|  |TAMS 0x0000000615400000| PB 0x0000000615400000| Untracked |  0
|  82|0x0000000615800000, 0x0000000615800000, 0x0000000615c00000|  0%| F|  |TAMS 0x0000000615800000| PB 0x0000000615800000| Untracked |  0
|  83|0x0000000615c00000, 0x0000000615c00000, 0x0000000616000000|  0%| F|  |TAMS 0x0000000615c00000| PB 0x0000000615c00000| Untracked |  0
|  84|0x0000000616000000, 0x0000000616000000, 0x0000000616400000|  0%| F|  |TAMS 0x0000000616000000| PB 0x0000000616000000| Untracked |  0
|  85|0x0000000616400000, 0x0000000616400000, 0x0000000616800000|  0%| F|  |TAMS 0x0000000616400000| PB 0x0000000616400000| Untracked |  0
|  86|0x0000000616800000, 0x0000000616800000, 0x0000000616c00000|  0%| F|  |TAMS 0x0000000616800000| PB 0x0000000616800000| Untracked |  0
|  87|0x0000000616c00000, 0x0000000616c00000, 0x0000000617000000|  0%| F|  |TAMS 0x0000000616c00000| PB 0x0000000616c00000| Untracked |  0
|  88|0x0000000617000000, 0x0000000617000000, 0x0000000617400000|  0%| F|  |TAMS 0x0000000617000000| PB 0x0000000617000000| Untracked |  0
|  89|0x0000000617400000, 0x0000000617400000, 0x0000000617800000|  0%| F|  |TAMS 0x0000000617400000| PB 0x0000000617400000| Untracked |  0
|  90|0x0000000617800000, 0x0000000617800000, 0x0000000617c00000|  0%| F|  |TAMS 0x0000000617800000| PB 0x0000000617800000| Untracked |  0
|  91|0x0000000617c00000, 0x0000000617c00000, 0x0000000618000000|  0%| F|  |TAMS 0x0000000617c00000| PB 0x0000000617c00000| Untracked |  0
|  92|0x0000000618000000, 0x0000000618000000, 0x0000000618400000|  0%| F|  |TAMS 0x0000000618000000| PB 0x0000000618000000| Untracked |  0
|  93|0x0000000618400000, 0x0000000618400000, 0x0000000618800000|  0%| F|  |TAMS 0x0000000618400000| PB 0x0000000618400000| Untracked |  0
|  94|0x0000000618800000, 0x0000000618800000, 0x0000000618c00000|  0%| F|  |TAMS 0x0000000618800000| PB 0x0000000618800000| Untracked |  0
|  95|0x0000000618c00000, 0x0000000618c00000, 0x0000000619000000|  0%| F|  |TAMS 0x0000000618c00000| PB 0x0000000618c00000| Untracked |  0
|  96|0x0000000619000000, 0x0000000619000000, 0x0000000619400000|  0%| F|  |TAMS 0x0000000619000000| PB 0x0000000619000000| Untracked |  0
|  97|0x0000000619400000, 0x0000000619400000, 0x0000000619800000|  0%| F|  |TAMS 0x0000000619400000| PB 0x0000000619400000| Untracked |  0
|  98|0x0000000619800000, 0x0000000619800000, 0x0000000619c00000|  0%| F|  |TAMS 0x0000000619800000| PB 0x0000000619800000| Untracked |  0
|  99|0x0000000619c00000, 0x0000000619c00000, 0x000000061a000000|  0%| F|  |TAMS 0x0000000619c00000| PB 0x0000000619c00000| Untracked |  0
| 100|0x000000061a000000, 0x000000061a000000, 0x000000061a400000|  0%| F|  |TAMS 0x000000061a000000| PB 0x000000061a000000| Untracked |  0
| 101|0x000000061a400000, 0x000000061a400000, 0x000000061a800000|  0%| F|  |TAMS 0x000000061a400000| PB 0x000000061a400000| Untracked |  0
| 102|0x000000061a800000, 0x000000061a800000, 0x000000061ac00000|  0%| F|  |TAMS 0x000000061a800000| PB 0x000000061a800000| Untracked |  0
| 103|0x000000061ac00000, 0x000000061ac00000, 0x000000061b000000|  0%| F|  |TAMS 0x000000061ac00000| PB 0x000000061ac00000| Untracked |  0
| 104|0x000000061b000000, 0x000000061b000000, 0x000000061b400000|  0%| F|  |TAMS 0x000000061b000000| PB 0x000000061b000000| Untracked |  0
| 105|0x000000061b400000, 0x000000061b400000, 0x000000061b800000|  0%| F|  |TAMS 0x000000061b400000| PB 0x000000061b400000| Untracked |  0
| 106|0x000000061b800000, 0x000000061b800000, 0x000000061bc00000|  0%| F|  |TAMS 0x000000061b800000| PB 0x000000061b800000| Untracked |  0
| 107|0x000000061bc00000, 0x000000061bc00000, 0x000000061c000000|  0%| F|  |TAMS 0x000000061bc00000| PB 0x000000061bc00000| Untracked |  0
| 108|0x000000061c000000, 0x000000061c000000, 0x000000061c400000|  0%| F|  |TAMS 0x000000061c000000| PB 0x000000061c000000| Untracked |  0
| 109|0x000000061c400000, 0x000000061c400000, 0x000000061c800000|  0%| F|  |TAMS 0x000000061c400000| PB 0x000000061c400000| Untracked |  0
| 110|0x000000061c800000, 0x000000061c800000, 0x000000061cc00000|  0%| F|  |TAMS 0x000000061c800000| PB 0x000000061c800000| Untracked |  0
| 111|0x000000061cc00000, 0x000000061cc00000, 0x000000061d000000|  0%| F|  |TAMS 0x000000061cc00000| PB 0x000000061cc00000| Untracked |  0
| 112|0x000000061d000000, 0x000000061d000000, 0x000000061d400000|  0%| F|  |TAMS 0x000000061d000000| PB 0x000000061d000000| Untracked |  0
| 113|0x000000061d400000, 0x000000061d400000, 0x000000061d800000|  0%| F|  |TAMS 0x000000061d400000| PB 0x000000061d400000| Untracked |  0
| 114|0x000000061d800000, 0x000000061d800000, 0x000000061dc00000|  0%| F|  |TAMS 0x000000061d800000| PB 0x000000061d800000| Untracked |  0
| 115|0x000000061dc00000, 0x000000061dc00000, 0x000000061e000000|  0%| F|  |TAMS 0x000000061dc00000| PB 0x000000061dc00000| Untracked |  0
| 116|0x000000061e000000, 0x000000061e000000, 0x000000061e400000|  0%| F|  |TAMS 0x000000061e000000| PB 0x000000061e000000| Untracked |  0
| 117|0x000000061e400000, 0x000000061e400000, 0x000000061e800000|  0%| F|  |TAMS 0x000000061e400000| PB 0x000000061e400000| Untracked |  0
| 118|0x000000061e800000, 0x000000061e800000, 0x000000061ec00000|  0%| F|  |TAMS 0x000000061e800000| PB 0x000000061e800000| Untracked |  0
| 119|0x000000061ec00000, 0x000000061ec00000, 0x000000061f000000|  0%| F|  |TAMS 0x000000061ec00000| PB 0x000000061ec00000| Untracked |  0
| 120|0x000000061f000000, 0x000000061f000000, 0x000000061f400000|  0%| F|  |TAMS 0x000000061f000000| PB 0x000000061f000000| Untracked |  0
| 121|0x000000061f400000, 0x000000061f400000, 0x000000061f800000|  0%| F|  |TAMS 0x000000061f400000| PB 0x000000061f400000| Untracked |  0
| 122|0x000000061f800000, 0x000000061f800000, 0x000000061fc00000|  0%| F|  |TAMS 0x000000061f800000| PB 0x000000061f800000| Untracked |  0
| 123|0x000000061fc00000, 0x000000061fc00000, 0x0000000620000000|  0%| F|  |TAMS 0x000000061fc00000| PB 0x000000061fc00000| Untracked |  0
| 124|0x0000000620000000, 0x0000000620000000, 0x0000000620400000|  0%| F|  |TAMS 0x0000000620000000| PB 0x0000000620000000| Untracked |  0
| 125|0x0000000620400000, 0x0000000620400000, 0x0000000620800000|  0%| F|  |TAMS 0x0000000620400000| PB 0x0000000620400000| Untracked |  0
| 126|0x0000000620800000, 0x0000000620afc240, 0x0000000620c00000| 74%| E|  |TAMS 0x0000000620800000| PB 0x0000000620800000| Complete |  0
| 127|0x0000000620c00000, 0x0000000621000000, 0x0000000621000000|100%| E|CS|TAMS 0x0000000620c00000| PB 0x0000000620c00000| Complete |  0

Card table byte_map: [0x00000193d6d30000,0x00000193d7d30000] _byte_map_base: 0x00000193d3d28000

Marking Bits: (CMBitMap*) 0x00000193be97c650
 Bits: [0x00000193d7d30000, 0x00000193dfcf0000)

Polling page: 0x00000193bc810000

Metaspace:

Usage:
  Non-class:      2.32 MB used.
      Class:    244.28 KB used.
       Both:      2.56 MB used.

Virtual space:
  Non-class space:       64.00 MB reserved,       2.38 MB (  4%) committed,  1 nodes.
      Class space:        1.00 GB reserved,     320.00 KB ( <1%) committed,  1 nodes.
             Both:        1.06 GB reserved,       2.69 MB ( <1%) committed. 

Chunk freelists:
   Non-Class:  11.72 MB
       Class:  15.70 MB
        Both:  27.42 MB

MaxMetaspaceSize: unlimited
CompressedClassSpaceSize: 1.00 GB
Initial GC threshold: 21.00 MB
Current GC threshold: 21.00 MB
CDS: on
 - commit_granule_bytes: 65536.
 - commit_granule_words: 8192.
 - virtual_space_node_default_size: 8388608.
 - enlarge_chunks_in_place: 1.
 - use_allocation_guard: 0.


Internal statistics:

num_allocs_failed_limit: 0.
num_arena_births: 30.
num_arena_deaths: 0.
num_vsnodes_births: 2.
num_vsnodes_deaths: 0.
num_space_committed: 43.
num_space_uncommitted: 0.
num_chunks_returned_to_freelist: 0.
num_chunks_taken_from_freelist: 46.
num_chunk_merges: 0.
num_chunk_splits: 33.
num_chunks_enlarged: 24.
num_inconsistent_stats: 0.

CodeHeap 'non-profiled nmethods': size=120000Kb used=146Kb max_used=146Kb free=119853Kb
 bounds [0x00000193ce6f0000, 0x00000193ce960000, 0x00000193d5c20000]
CodeHeap 'profiled nmethods': size=120000Kb used=680Kb max_used=680Kb free=119319Kb
 bounds [0x00000193c6c20000, 0x00000193c6e90000, 0x00000193ce150000]
CodeHeap 'non-nmethods': size=5760Kb used=1408Kb max_used=1426Kb free=4351Kb
 bounds [0x00000193ce150000, 0x00000193ce3c0000, 0x00000193ce6f0000]
 total_blobs=888 nmethods=439 adapters=354
 compilation: enabled
              stopped_count=0, restarted_count=0
 full_count=0

Compilation events (20 events):
Event: 1412.009 Thread 0x00000193e2667aa0  439       4       java.lang.String::charAt (25 bytes)
Event: 1412.010 Thread 0x00000193e2688560  438       3       org.eclipse.jdt.launching.internal.org.objectweb.asm.Symbol::<init> (38 bytes)
Event: 1412.012 Thread 0x00000193e2688560 nmethod 438 0x00000193c6cc8690 code [0x00000193c6cc8840, 0x00000193c6cc8ae8]
Event: 1412.012 Thread 0x00000193e2667aa0 

Event: 1423.046 Thread 0x00000193e2688560  440       3       org.eclipse.jdt.launching.internal.org.objectweb.asm.ClassReader::readUTF8 (23 bytes)
Event: 1423.046 Thread 0x00000193e2667aa0  441       4       org.eclipse.jdt.launching.internal.org.objectweb.asm.ClassReader::readUnsignedShort (26 bytes)
Event: 1423.047 Thread 0x00000193e2688560 nmethod 440 0x00000193c6cc8c10 code [0x00000193c6cc8de0, 0x00000193c6cc9028]
Event: 1423.048 Thread 0x00000193e2688560  442       3       org.eclipse.jdt.launching.internal.org.objectweb.asm.ClassReader::readUtf (161 bytes)
Event: 1423.048 Thread 0x00000193e2667aa0 

Event: 1423.048 Thread 0x00000193e2688560 nmethod 442 0x00000193c6cc9110 code [0x00000193c6cc92e0, 0x00000193c6cc9780]
Event: 1432.414 Thread 0x00000193e2688560  443       3       org.eclipse.jdt.launching.internal.org.objectweb.asm.SymbolTable::addConstantUtf8 (20 bytes)
Event: 1432.414 Thread 0x00000193e2688560 nmethod 443 0x00000193c6cc9a90 code [0x00000193c6cc9c60, 0x00000193c6cc9f28]
Event: 1447.079 Thread 0x00000193e2667aa0  444       4       java.lang.String::charAt (25 bytes)
Event: 1447.081 Thread 0x00000193e2667aa0 

Event: 1740.240 Thread 0x00000193e2688560  445       1       java.util.concurrent.locks.AbstractOwnableSynchronizer::setExclusiveOwnerThread (6 bytes)
Event: 1740.240 Thread 0x00000193e2688560 nmethod 445 0x00000193ce714510 code [0x00000193ce7146a0, 0x00000193ce7147b8]
Event: 1800.251 Thread 0x00000193e2688560  446       1       java.util.concurrent.locks.AbstractQueuedSynchronizer::getState (5 bytes)
Event: 1800.251 Thread 0x00000193e2688560 nmethod 446 0x00000193ce714810 code [0x00000193ce7149a0, 0x00000193ce714a68]
Event: 1822.702 Thread 0x00000193e2688560  447       3       org.eclipse.jdt.launching.internal.org.objectweb.asm.ByteVector::putShort (52 bytes)
Event: 1822.704 Thread 0x00000193e2688560 


GC Heap History (0 events):
No events

Dll operation events (9 events):
Event: 0.010 Loaded shared library C:\Program Files\Java\jdk-22.0.2\bin\java.dll
Event: 0.034 Loaded shared library C:\Program Files\Java\jdk-22.0.2\bin\jsvml.dll
Event: 0.158 Loaded shared library C:\Program Files\Java\jdk-22.0.2\bin\zip.dll
Event: 0.161 Loaded shared library C:\Program Files\Java\jdk-22.0.2\bin\instrument.dll
Event: 0.165 Loaded shared library C:\Program Files\Java\jdk-22.0.2\bin\net.dll
Event: 0.165 Loaded shared library C:\Program Files\Java\jdk-22.0.2\bin\nio.dll
Event: 0.168 Loaded shared library C:\Program Files\Java\jdk-22.0.2\bin\zip.dll
Event: 0.235 Loaded shared library C:\Program Files\Java\jdk-22.0.2\bin\jimage.dll
Event: 0.271 Loaded shared library C:\Program Files\Java\jdk-22.0.2\bin\verify.dll

Deoptimization events (20 events):
Event: 0.280 Thread 0x00000193be8d4420 DEOPT PACKING pc=0x00000193c6c9fdad sp=0x00000090095f85e0
Event: 0.280 Thread 0x00000193be8d4420 DEOPT UNPACKING pc=0x00000193ce1a4e42 sp=0x00000090095f7a68 mode 0
Event: 0.283 Thread 0x00000193be8d4420 DEOPT PACKING pc=0x00000193c6c9fdad sp=0x00000090095fbfb0
Event: 0.283 Thread 0x00000193be8d4420 DEOPT UNPACKING pc=0x00000193ce1a4e42 sp=0x00000090095fb438 mode 0
Event: 0.283 Thread 0x00000193be8d4420 DEOPT PACKING pc=0x00000193c6c9fdad sp=0x00000090095fbfb0
Event: 0.283 Thread 0x00000193be8d4420 DEOPT UNPACKING pc=0x00000193ce1a4e42 sp=0x00000090095fb438 mode 0
Event: 0.283 Thread 0x00000193be8d4420 DEOPT PACKING pc=0x00000193c6c9fdad sp=0x00000090095fbfb0
Event: 0.283 Thread 0x00000193be8d4420 DEOPT UNPACKING pc=0x00000193ce1a4e42 sp=0x00000090095fb438 mode 0
Event: 0.284 Thread 0x00000193be8d4420 DEOPT PACKING pc=0x00000193c6c9fdad sp=0x00000090095fbfb0
Event: 0.284 Thread 0x00000193be8d4420 DEOPT UNPACKING pc=0x00000193ce1a4e42 sp=0x00000090095fb438 mode 0
Event: 0.290 Thread 0x00000193be8d4420 DEOPT PACKING pc=0x00000193c6c9fdad sp=0x00000090095f81d0
Event: 0.290 Thread 0x00000193be8d4420 DEOPT UNPACKING pc=0x00000193ce1a4e42 sp=0x00000090095f7658 mode 0
Event: 0.291 Thread 0x00000193be8d4420 DEOPT PACKING pc=0x00000193c6c9fdad sp=0x00000090095f81d0
Event: 0.291 Thread 0x00000193be8d4420 DEOPT UNPACKING pc=0x00000193ce1a4e42 sp=0x00000090095f7658 mode 0
Event: 0.291 Thread 0x00000193be8d4420 DEOPT PACKING pc=0x00000193c6c9fdad sp=0x00000090095f81d0
Event: 0.291 Thread 0x00000193be8d4420 DEOPT UNPACKING pc=0x00000193ce1a4e42 sp=0x00000090095f7658 mode 0
Event: 0.291 Thread 0x00000193be8d4420 DEOPT PACKING pc=0x00000193c6c9fdad sp=0x00000090095f81d0
Event: 0.291 Thread 0x00000193be8d4420 DEOPT UNPACKING pc=0x00000193ce1a4e42 sp=0x00000090095f7658 mode 0
Event: 0.292 Thread 0x00000193be8d4420 DEOPT PACKING pc=0x00000193c6c9fdad sp=0x00000090095f81d0
Event: 0.292 Thread 0x00000193be8d4420 DEOPT UNPACKING pc=0x00000193ce1a4e42 sp=0x00000090095f7658 mode 0

Classes loaded (20 events):
Event: 0.265 Loading class jdk/internal/jimage/ImageBufferCache$1
Event: 0.265 Loading class jdk/internal/jimage/ImageBufferCache$1 done
Event: 0.265 Loading class jdk/internal/jimage/ImageBufferCache$2
Event: 0.265 Loading class jdk/internal/jimage/ImageBufferCache$2 done
Event: 0.265 Loading class java/util/AbstractMap$SimpleEntry
Event: 0.265 Loading class java/util/AbstractMap$SimpleEntry done
Event: 0.266 Loading class jdk/internal/vm/PostVMInitHook
Event: 0.267 Loading class jdk/internal/vm/PostVMInitHook done
Event: 0.268 Loading class jdk/internal/loader/URLClassPath$FileLoader$1
Event: 0.268 Loading class jdk/internal/loader/URLClassPath$FileLoader$1 done
Event: 0.273 Loading class java/lang/AssertionError
Event: 0.273 Loading class java/lang/AssertionError done
Event: 0.274 Loading class java/lang/UnsupportedOperationException
Event: 0.274 Loading class java/lang/UnsupportedOperationException done
Event: 0.275 Loading class java/lang/TypeNotPresentException
Event: 0.275 Loading class java/lang/TypeNotPresentException done
Event: 0.282 Loading class java/lang/IndexOutOfBoundsException
Event: 0.282 Loading class java/lang/IndexOutOfBoundsException done
Event: 0.292 Loading class java/lang/IllegalStateException
Event: 0.292 Loading class java/lang/IllegalStateException done

Classes unloaded (0 events):
No events

Classes redefined (12 events):
Event: 1370.443 Thread 0x00000193e23083d0 redefined class name=problems.MedianOfTwoSortedArrays, count=1
Event: 1379.198 Thread 0x00000193e23083d0 redefined class name=problems.MedianOfTwoSortedArrays, count=2
Event: 1385.567 Thread 0x00000193e23083d0 redefined class name=problems.MedianOfTwoSortedArrays, count=3
Event: 1386.635 Thread 0x00000193e23083d0 redefined class name=problems.MedianOfTwoSortedArrays, count=4
Event: 1404.118 Thread 0x00000193e23083d0 redefined class name=problems.MedianOfTwoSortedArrays, count=5
Event: 1412.010 Thread 0x00000193e23083d0 redefined class name=problems.MedianOfTwoSortedArrays, count=6
Event: 1423.047 Thread 0x00000193e23083d0 redefined class name=problems.MedianOfTwoSortedArrays, count=7
Event: 1432.415 Thread 0x00000193e23083d0 redefined class name=problems.MedianOfTwoSortedArrays, count=8
Event: 1440.577 Thread 0x00000193e23083d0 redefined class name=problems.MedianOfTwoSortedArrays, count=9
Event: 1447.080 Thread 0x00000193e23083d0 redefined class name=problems.MedianOfTwoSortedArrays, count=10
Event: 1816.003 Thread 0x00000193e23083d0 redefined class name=problems.MedianOfTwoSortedArrays, count=11
Event: 1822.702 Thread 0x00000193e23083d0 redefined class name=problems.MedianOfTwoSortedArrays, count=12

Internal exceptions (3 events):
Event: 0.205 Thread 0x00000193be8d4420 Exception <a 'java/lang/NoSuchMethodError'{0x0000000620838420}: 'void java.lang.invoke.DirectMethodHandle$Holder.invokeVirtual(java.lang.Object, java.lang.Object)'> (0x0000000620838420) 
thrown [s\open\src\hotspot\share\interpreter\linkResolver.cpp, line 774]
Event: 0.260 Thread 0x00000193be8d4420 Exception <a 'java/lang/NoSuchMethodError'{0x00000006209a73e0}: 'void java.lang.invoke.DirectMethodHandle$Holder.invokeStatic(java.lang.Object, java.lang.Object, java.lang.Object)'> (0x00000006209a73e0) 
thrown [s\open\src\hotspot\share\interpreter\linkResolver.cpp, line 774]
Event: 0.263 Thread 0x00000193be8d4420 Exception <a 'java/lang/NoSuchMethodError'{0x00000006209ba1b0}: 'java.lang.Object java.lang.invoke.Invokers$Holder.invokeExact_MT(java.lang.Object, java.lang.Object, java.lang.Object, java.lang.Object, java.lang.Object)'> (0x00000006209ba1b0) 
thrown [s\open\src\hotspot\share\interpreter\linkResolver.cpp, line 774]

ZGC Phase Switch (0 events):
No events

VM Operations (20 events):
Event: 1816.030 Executing VM operation: ChangeSingleStep done
Event: 1816.032 Executing VM operation: ChangeSingleStep
Event: 1816.032 Executing VM operation: ChangeSingleStep done
Event: 1816.104 Executing VM operation: get/set locals
Event: 1816.104 Executing VM operation: get/set locals done
Event: 1822.700 Executing VM operation: ChangeSingleStep
Event: 1822.700 Executing VM operation: ChangeSingleStep done
Event: 1822.700 Executing VM operation: ChangeSingleStep
Event: 1822.700 Executing VM operation: ChangeSingleStep done
Event: 1822.702 Executing VM operation: RedefineClasses
Event: 1822.704 Executing VM operation: RedefineClasses done
Event: 1822.707 Executing VM operation: ChangeBreakpoints
Event: 1822.707 Executing VM operation: ChangeBreakpoints done
Event: 1822.712 Executing VM operation: ChangeBreakpoints
Event: 1822.712 Executing VM operation: ChangeBreakpoints done
Event: 1822.716 Executing VM operation: ChangeSingleStep
Event: 1822.716 Executing VM operation: ChangeSingleStep done
Event: 1822.717 Executing VM operation: ChangeSingleStep
Event: 1822.717 Executing VM operation: ChangeSingleStep done
Event: 1822.782 Executing VM operation: get/set locals

Memory protections (0 events):
No events

Nmethod flushes (0 events):
No events

Events (14 events):
Event: 0.022 Thread 0x00000193be8d4420 Thread added: 0x00000193be8d4420
Event: 0.032 Thread 0x00000193be8d4420 Thread added: 0x00000193e23228b0
Event: 0.032 Thread 0x00000193be8d4420 Thread added: 0x00000193e23237d0
Event: 0.033 Thread 0x00000193be8d4420 Thread added: 0x00000193e232d0a0
Event: 0.033 Thread 0x00000193be8d4420 Thread added: 0x00000193e2650080
Event: 0.033 Thread 0x00000193be8d4420 Thread added: 0x00000193e2650ae0
Event: 0.033 Thread 0x00000193be8d4420 Thread added: 0x00000193e2651540
Event: 0.033 Thread 0x00000193be8d4420 Thread added: 0x00000193e2667aa0
Event: 0.033 Thread 0x00000193be8d4420 Thread added: 0x00000193e2688560
Event: 0.048 Thread 0x00000193be8d4420 Thread added: 0x00000193e22f1d40
Event: 0.069 Thread 0x00000193be8d4420 Thread added: 0x00000193e2896520
Event: 0.069 Thread 0x00000193be8d4420 Thread added: 0x00000193e28e27c0
Event: 0.069 Thread 0x00000193e2896520 Thread added: 0x00000193e28e2e50
Event: 0.266 Thread 0x00000193be8d4420 Thread added: 0x00000193e29aec80


Dynamic libraries:
0x00007ff6bfa30000 - 0x00007ff6bfa3e000 	C:\Program Files\Java\jdk-22.0.2\bin\javaw.exe
0x00007ff8600b0000 - 0x00007ff8602a8000 	C:\WINDOWS\SYSTEM32\ntdll.dll
0x00007ff85f370000 - 0x00007ff85f432000 	C:\WINDOWS\System32\KERNEL32.DLL
0x00007ff85d900000 - 0x00007ff85dbfe000 	C:\WINDOWS\System32\KERNELBASE.dll
0x00007ff85dd50000 - 0x00007ff85de50000 	C:\WINDOWS\System32\ucrtbase.dll
0x00007ff858b50000 - 0x00007ff858b6b000 	C:\Program Files\Java\jdk-22.0.2\bin\VCRUNTIME140.dll
0x00007ff854da0000 - 0x00007ff854db7000 	C:\Program Files\Java\jdk-22.0.2\bin\jli.dll
0x00007ff85f540000 - 0x00007ff85f6dd000 	C:\WINDOWS\System32\USER32.dll
0x00007ff85dc00000 - 0x00007ff85dc22000 	C:\WINDOWS\System32\win32u.dll
0x00007ff85f450000 - 0x00007ff85f47b000 	C:\WINDOWS\System32\GDI32.dll
0x00007ff83f4e0000 - 0x00007ff83f77a000 	C:\WINDOWS\WinSxS\amd64_microsoft.windows.common-controls_6595b64144ccf1df_6.0.19041.4355_none_60b8b9eb71f62e16\COMCTL32.dll
0x00007ff85e130000 - 0x00007ff85e1ce000 	C:\WINDOWS\System32\msvcrt.dll
0x00007ff85d750000 - 0x00007ff85d867000 	C:\WINDOWS\System32\gdi32full.dll
0x00007ff85dea0000 - 0x00007ff85df3d000 	C:\WINDOWS\System32\msvcp_win.dll
0x00007ff85e1d0000 - 0x00007ff85e1ff000 	C:\WINDOWS\System32\IMM32.DLL
0x00007ff854080000 - 0x00007ff85408c000 	C:\Program Files\Java\jdk-22.0.2\bin\vcruntime140_1.dll
0x00007ff8344e0000 - 0x00007ff83456e000 	C:\Program Files\Java\jdk-22.0.2\bin\msvcp140.dll
0x00007fff935c0000 - 0x00007fff94309000 	C:\Program Files\Java\jdk-22.0.2\bin\server\jvm.dll
0x00007ff85f480000 - 0x00007ff85f532000 	C:\WINDOWS\System32\ADVAPI32.dll
0x00007ff85eaf0000 - 0x00007ff85eb90000 	C:\WINDOWS\System32\sechost.dll
0x00007ff85fed0000 - 0x00007ff85fff3000 	C:\WINDOWS\System32\RPCRT4.dll
0x00007ff85e0a0000 - 0x00007ff85e0c7000 	C:\WINDOWS\System32\bcrypt.dll
0x00007ff860000000 - 0x00007ff86006b000 	C:\WINDOWS\System32\WS2_32.dll
0x00007ff84aaf0000 - 0x00007ff84ab17000 	C:\WINDOWS\SYSTEM32\WINMM.dll
0x00007ff856690000 - 0x00007ff85669a000 	C:\WINDOWS\SYSTEM32\VERSION.dll
0x00007ff85cc50000 - 0x00007ff85cc9b000 	C:\WINDOWS\SYSTEM32\POWRPROF.dll
0x00007ff85cb10000 - 0x00007ff85cb22000 	C:\WINDOWS\SYSTEM32\UMPDC.dll
0x00007ff85bf80000 - 0x00007ff85bf92000 	C:\WINDOWS\SYSTEM32\kernel.appcore.dll
0x00007ff853aa0000 - 0x00007ff853aaa000 	C:\Program Files\Java\jdk-22.0.2\bin\jimage.dll
0x00007ff85b410000 - 0x00007ff85b5f4000 	C:\WINDOWS\SYSTEM32\DBGHELP.DLL
0x00007ff8413c0000 - 0x00007ff8413f4000 	C:\WINDOWS\SYSTEM32\dbgcore.DLL
0x00007ff85d870000 - 0x00007ff85d8f2000 	C:\WINDOWS\System32\bcryptPrimitives.dll
0x00007ff834450000 - 0x00007ff83448c000 	C:\Program Files\Java\jdk-22.0.2\bin\jdwp.dll
0x00007ff853a90000 - 0x00007ff853a9f000 	C:\Program Files\Java\jdk-22.0.2\bin\instrument.dll
0x00007ff842940000 - 0x00007ff84295e000 	C:\Program Files\Java\jdk-22.0.2\bin\java.dll
0x00007ff85f740000 - 0x00007ff85feaf000 	C:\WINDOWS\System32\SHELL32.dll
0x00007ff85f030000 - 0x00007ff85f15b000 	C:\WINDOWS\System32\ole32.dll
0x00007ff85eb90000 - 0x00007ff85eee3000 	C:\WINDOWS\System32\combase.dll
0x00007ff85b600000 - 0x00007ff85bda4000 	C:\WINDOWS\SYSTEM32\windows.storage.dll
0x00007ff85d120000 - 0x00007ff85d14e000 	C:\WINDOWS\SYSTEM32\Wldp.dll
0x00007ff85e320000 - 0x00007ff85e3ed000 	C:\WINDOWS\System32\OLEAUT32.dll
0x00007ff85ef70000 - 0x00007ff85f01d000 	C:\WINDOWS\System32\SHCORE.dll
0x00007ff85f6e0000 - 0x00007ff85f735000 	C:\WINDOWS\System32\shlwapi.dll
0x00007ff85d680000 - 0x00007ff85d6a4000 	C:\WINDOWS\SYSTEM32\profapi.dll
0x00007fffeaf80000 - 0x00007fffeb057000 	C:\Program Files\Java\jdk-22.0.2\bin\jsvml.dll
0x00007ff840270000 - 0x00007ff84027c000 	C:\Program Files\Java\jdk-22.0.2\bin\dt_socket.dll
0x00007ff85cb30000 - 0x00007ff85cb6b000 	C:\WINDOWS\SYSTEM32\IPHLPAPI.DLL
0x00007ff85ce80000 - 0x00007ff85ceea000 	C:\WINDOWS\system32\mswsock.dll
0x00007ff85cb80000 - 0x00007ff85cc4a000 	C:\WINDOWS\SYSTEM32\DNSAPI.dll
0x00007ff85f440000 - 0x00007ff85f448000 	C:\WINDOWS\System32\NSI.dll
0x00007ff856010000 - 0x00007ff85601a000 	C:\Windows\System32\rasadhlp.dll
0x00007ff8536e0000 - 0x00007ff853760000 	C:\WINDOWS\System32\fwpuclnt.dll
0x00007ff834670000 - 0x00007ff834687000 	C:\Program Files\Java\jdk-22.0.2\bin\zip.dll
0x00007ff840260000 - 0x00007ff840270000 	C:\Program Files\Java\jdk-22.0.2\bin\net.dll
0x00007ff8344c0000 - 0x00007ff8344d6000 	C:\Program Files\Java\jdk-22.0.2\bin\nio.dll
0x00007ff835d40000 - 0x00007ff835d50000 	C:\Program Files\Java\jdk-22.0.2\bin\verify.dll

dbghelp: loaded successfully - version: 4.0.5 - missing functions: none
symbol engine: initialized successfully - sym options: 0x614 - pdb path: .;C:\Program Files\Java\jdk-22.0.2\bin;C:\WINDOWS\SYSTEM32;C:\WINDOWS\WinSxS\amd64_microsoft.windows.common-controls_6595b64144ccf1df_6.0.19041.4355_none_60b8b9eb71f62e16;C:\Program Files\Java\jdk-22.0.2\bin\server

VM Arguments:
jvm_args: -XX:+ShowCodeDetailsInExceptionMessages -agentlib:jdwp=transport=dt_socket,suspend=y,address=localhost:59238 -javaagent:C:\Users\davek\eclipse\eclipse-jee-20249-09-R\configuration\org.eclipse.osgi\446\0\.cp\lib\javaagent-shaded.jar -Dfile.encoding=UTF-8 -Dstdout.encoding=UTF-8 -Dstderr.encoding=UTF-8 
java_command: problems.MedianOfTwoSortedArrays
java_class_path (initial): C:\Users\davek\git\Leetcode\Leetcode\bin
Launcher Type: SUN_STANDARD

[Global flags]
     intx CICompilerCount                          = 3                                         {product} {ergonomic}
     uint ConcGCThreads                            = 2                                         {product} {ergonomic}
     uint G1ConcRefinementThreads                  = 6                                         {product} {ergonomic}
   size_t G1HeapRegionSize                         = 4194304                                   {product} {ergonomic}
   size_t InitialHeapSize                          = 536870912                                 {product} {ergonomic}
   size_t MarkStackSize                            = 4194304                                   {product} {ergonomic}
   size_t MaxHeapSize                              = 8573157376                                {product} {ergonomic}
   size_t MaxNewSize                               = 5142216704                                {product} {ergonomic}
   size_t MinHeapDeltaBytes                        = 4194304                                   {product} {ergonomic}
   size_t MinHeapSize                              = 8388608                                   {product} {ergonomic}
    uintx NonNMethodCodeHeapSize                   = 5832780                                {pd product} {ergonomic}
    uintx NonProfiledCodeHeapSize                  = 122912730                              {pd product} {ergonomic}
    uintx ProfiledCodeHeapSize                     = 122912730                              {pd product} {ergonomic}
    uintx ReservedCodeCacheSize                    = 251658240                              {pd product} {ergonomic}
     bool SegmentedCodeCache                       = true                                      {product} {ergonomic}
     bool ShowCodeDetailsInExceptionMessages       = true                                   {manageable} {command line}
   size_t SoftMaxHeapSize                          = 8573157376                             {manageable} {ergonomic}
     bool UseCompressedOops                        = true                           {product lp64_product} {ergonomic}
     bool UseG1GC                                  = true                                      {product} {ergonomic}
     bool UseLargePagesIndividualAllocation        = false                                  {pd product} {ergonomic}

Logging:
Log output configuration:
 #0: stdout all=warning uptime,level,tags foldmultilines=false
 #1: stderr all=off uptime,level,tags foldmultilines=false

Environment Variables:
PATH=C:/Users/davek/eclipse/eclipse-jee-20249-09-R//plugins/org.eclipse.justj.openjdk.hotspot.jre.full.win32.x86_64_21.0.4.v20240802-1551/jre/bin/server;C:/Users/davek/eclipse/eclipse-jee-20249-09-R//plugins/org.eclipse.justj.openjdk.hotspot.jre.full.win32.x86_64_21.0.4.v20240802-1551/jre/bin;C:\Program Files\Common Files\Oracle\Java\javapath;C:\Program Files (x86)\Common Files\Oracle\Java\javapath;C:\Windows\system32;C:\Windows;C:\Windows\System32\Wbem;C:\Windows\System32\WindowsPowerShell\v1.0\;C:\Windows\System32\OpenSSH\;C:\Program Files (x86)\NVIDIA Corporation\PhysX\Common;C:\Program Files\NVIDIA Corporation\NVIDIA NvDLISR;C:\Program Files\Intel\WiFi\bin\;C:\Program Files\Common Files\Intel\WirelessCommon\;C:\WINDOWS\system32;C:\WINDOWS;C:\WINDOWS\System32\Wbem;C:\WINDOWS\System32\WindowsPowerShell\v1.0\;C:\WINDOWS\System32\OpenSSH\;C:\Program Files\PuTTY\;C:\Program Files\TortoiseGit\bin;C:\Program Files (x86)\GitExtensions\;C:\Program Files\Git\cmd;C:\Program Files\MATLAB\MATLAB Runtime\v912\runtime\win64;;C:\Program Files\nodejs\;C:\ProgramData\chocolatey\bin;C:\Program Files\Docker\Docker\resources\bin;C:\Users\davek\.cargo\bin;C:\Program Files\MySQL\MySQL Shell 8.0\bin\;C:\Users\davek\AppData\Local\Microsoft\WindowsApps;C:\Users\davek\AppData\Local\GitHubDesktop\bin;C:\Program Files\heroku\bin;C:\Users\davek\AppData\Local\Android\Sdk\platform-tools;C:\Users\davek\Apps;;C:\Users\davek\AppData\Local\Google\Cloud SDK\google-cloud-sdk\bin;C:\Users\davek\AppData\Local\Microsoft\WinGet\Packages\ahmetb.kubens_Microsoft.Winget.Source_8wekyb3d8bbwe;C:\Users\davek\AppData\Local\Programs\Microsoft VS Code\bin;C:\Users\davek\AppData\Roaming\npm;C:\Users\davek\eclipse\eclipse-jee-20249-09-R;
USERNAME=davek
OS=Windows_NT
PROCESSOR_IDENTIFIER=Intel64 Family 6 Model 158 Stepping 10, GenuineIntel
TMP=C:\Users\davek\AppData\Local\Temp
TEMP=C:\Users\davek\AppData\Local\Temp




Periodic native trim disabled

---------------  S Y S T E M  ---------------

OS:
 Windows 10 , 64 bit Build 19041 (10.0.19041.4957)
OS uptime: 0 days 3:10 hours
Hyper-V role detected

CPU: total 6 (initial active 6) (6 cores per cpu, 1 threads per core) family 6 model 158 stepping 10 microcode 0xb4, cx8, cmov, fxsr, mmx, 3dnowpref, sse, sse2, sse3, ssse3, sse4.1, sse4.2, popcnt, lzcnt, tsc, tscinvbit, avx, avx2, aes, erms, clmul, bmi1, bmi2, adx, fma, vzeroupper, clflush, clflushopt, hv, rdtscp, f16c
Processor Information for all 6 processors :
  Max Mhz: 2904, Current Mhz: 2904, Mhz Limit: 2904

Memory: 4k page, system-wide physical 32697M (20054M free)
TotalPageFile size 37561M (AvailPageFile size 22185M)
current process WorkingSet (physical memory assigned to process): 47M, peak: 50M
current process commit charge ("private bytes"): 602M, peak: 604M

vm_info: OpenJDK 64-Bit Server VM (22.0.2+9-70) for windows-amd64 JRE (22.0.2+9-70), built on 2024-06-04T16:52:23Z by "mach5one" with MS VC++ 17.6 (VS2022)

END.
